app/build/outputs/logs/manifest-merger-debug-report.txt
-- Merging decision tree log ---
manifest
ADDED from src\main\AndroidManifest.xml:24:1-55:12
	package
		ADDED from src\main\AndroidManifest.xml:25:5-43
		INJECTED from src\main\AndroidManifest.xml
		INJECTED from src\main\AndroidManifest.xml
	android:versionName
		ADDED from src\main\AndroidManifest.xml:27:5-30
		INJECTED from src\main\AndroidManifest.xml
		INJECTED from src\main\AndroidManifest.xml
	android:versionCode
		ADDED from src\main\AndroidManifest.xml:26:5-29
		INJECTED from src\main\AndroidManifest.xml
		INJECTED from src\main\AndroidManifest.xml
	xmlns:android
		ADDED from src\main\AndroidManifest.xml:24:11-69
uses-sdk
ADDED from src\main\AndroidManifest.xml:29:5-31:41
MERGED from [com.android.support:support-v4:23.0.0] AndroidManifest.xml:20:5-43
	android:targetSdkVersion
		ADDED from src\main\AndroidManifest.xml:31:9-38
		INJECTED from src\main\AndroidManifest.xml
		INJECTED from src\main\AndroidManifest.xml
	android:minSdkVersion
		ADDED from src\main\AndroidManifest.xml:30:9-35
		INJECTED from src\main\AndroidManifest.xml
		INJECTED from src\main\AndroidManifest.xml
uses-permission#android.permission.BLUETOOTH
ADDED from src\main\AndroidManifest.xml:32:5-68
	android:name
		ADDED from src\main\AndroidManifest.xml:32:22-65
uses-permission#android.permission.BLUETOOTH_ADMIN
ADDED from src\main\AndroidManifest.xml:33:5-74
	android:name
		ADDED from src\main\AndroidManifest.xml:33:22-71
uses-permission#android.permission.INTERNET
ADDED from src\main\AndroidManifest.xml:34:5-67
	android:name
		ADDED from src\main\AndroidManifest.xml:34:22-64
application
ADDED from src\main\AndroidManifest.xml:36:5-53:19
MERGED from [com.android.support:support-v4:23.0.0] AndroidManifest.xml:22:5-20
	android:label
		ADDED from src\main\AndroidManifest.xml:37:9-41
	android:icon
		ADDED from src\main\AndroidManifest.xml:39:9-51
	android:theme
		ADDED from src\main\AndroidManifest.xml:38:9-56
activity#com.coaxtech.sp16_dev_native.MainActivity
ADDED from src\main\AndroidManifest.xml:40:9-50:20
	android:label
		ADDED from src\main\AndroidManifest.xml:42:13-45
	android:windowSoftInputMode
		ADDED from src\main\AndroidManifest.xml:43:13-54
	android:configChanges
		ADDED from src\main\AndroidManifest.xml:44:13-74
	android:name
		ADDED from src\main\AndroidManifest.xml:41:13-69
intent-filter#android.intent.action.MAIN+android.intent.category.LAUNCHER
ADDED from src\main\AndroidManifest.xml:45:13-49:29
action#android.intent.action.MAIN
ADDED from src\main\AndroidManifest.xml:46:17-69
	android:name
		ADDED from src\main\AndroidManifest.xml:46:25-66
category#android.intent.category.LAUNCHER
ADDED from src\main\AndroidManifest.xml:48:17-77
	android:name
		ADDED from src\main\AndroidManifest.xml:48:27-74
activity#com.coaxtech.sp16_dev_native.DeviceListActivity
ADDED from src\main\AndroidManifest.xml:51:9-160
	android:label
		ADDED from src\main\AndroidManifest.xml:51:82-114
	android:theme
		ADDED from src\main\AndroidManifest.xml:51:115-158
	android:name
		ADDED from src\main\AndroidManifest.xml:51:19-81
service#com.coaxtech.sp16_dev_native.UartService
ADDED from src\main\AndroidManifest.xml:52:9-99
	android:enabled
		ADDED from src\main\AndroidManifest.xml:52:18-40
	android:name
		ADDED from src\main\AndroidManifest.xml:52:41-96